<?xml version="1.0" encoding="UTF-8"?>
<!-- Generated by org.testng.reporters.JUnitReportReporter -->
<testsuite skipped="0" hostname="DESKTOP-9445UGT" name="com.base.adhbjm" tests="1" failures="0" timestamp="21 Apr 2019 13:56:01 GMT" time="10.203" errors="0">
  <testcase name="asd" time="10.203" classname="com.base.adhbjm"/>
</testsuite> <!-- com.base.adhbjm -->
