<?xml version="1.0" encoding="UTF-8"?>
<!-- Generated by org.testng.reporters.JUnitReportReporter -->
<testsuite skipped="0" hostname="DESKTOP-9445UGT" name="com.testngrunner.Runner" tests="1" failures="0" timestamp="18 Apr 2019 19:09:12 GMT" time="9.061" errors="0">
  <testcase name="feature" time="9.061" classname="com.testngrunner.Runner"/>
</testsuite> <!-- com.testngrunner.Runner -->
